<?xml version="1.0" encoding="UTF-8"?>
<testsuite xmlns:xsi="http://www.w3.org/2001/XMLSchema-instance" xsi:noNamespaceSchemaLocation="https://maven.apache.org/surefire/maven-surefire-plugin/xsd/surefire-test-report-3.0.xsd" version="3.0" name="fr.univavignon.pokedex.api.IPokedexTest" time="0.011" tests="13" errors="0" skipped="0" failures="0">
  <properties>
    <property name="java.specification.version" value="18"/>
    <property name="sun.cpu.isalist" value="amd64"/>
    <property name="sun.jnu.encoding" value="Cp1252"/>
    <property name="java.class.path" value="E:\ayoub\univ\FRANCE\M1 IA\S2\GENIE LOGICIEL AVANCE\2 TECHNIQUES DE TEST\50% TP\target\test-classes;E:\ayoub\univ\FRANCE\M1 IA\S2\GENIE LOGICIEL AVANCE\2 TECHNIQUES DE TEST\50% TP\target\classes;C:\Users\Administrator\.m2\repository\org\apache\commons\commons-collections4\4.3\commons-collections4-4.3.jar;C:\Users\Administrator\.m2\repository\junit\junit\4.13.2\junit-4.13.2.jar;C:\Users\Administrator\.m2\repository\org\hamcrest\hamcrest-core\1.3\hamcrest-core-1.3.jar;C:\Users\Administrator\.m2\repository\org\mockito\mockito-core\3.12.4\mockito-core-3.12.4.jar;C:\Users\Administrator\.m2\repository\net\bytebuddy\byte-buddy\1.11.13\byte-buddy-1.11.13.jar;C:\Users\Administrator\.m2\repository\net\bytebuddy\byte-buddy-agent\1.11.13\byte-buddy-agent-1.11.13.jar;C:\Users\Administrator\.m2\repository\org\objenesis\objenesis\3.2\objenesis-3.2.jar;"/>
    <property name="java.vm.vendor" value="Oracle Corporation"/>
    <property name="sun.arch.data.model" value="64"/>
    <property name="user.variant" value=""/>
    <property name="java.vendor.url" value="https://java.oracle.com/"/>
    <property name="user.timezone" value="Europe/Paris"/>
    <property name="os.name" value="Windows 10"/>
    <property name="java.vm.specification.version" value="18"/>
    <property name="sun.java.launcher" value="SUN_STANDARD"/>
    <property name="user.country" value="FR"/>
    <property name="sun.boot.library.path" value="C:\Program Files\Java\jdk-18.0.2.1\bin"/>
    <property name="sun.java.command" value="C:\Users\Administrator\AppData\Local\Temp\surefire10321250152566584623\surefirebooter-20240409052018745_3.jar C:\Users\Administrator\AppData\Local\Temp\surefire10321250152566584623 2024-04-09T05-20-18_524-jvmRun1 surefire-20240409052018745_1tmp surefire_0-20240409052018745_2tmp"/>
    <property name="jdk.debug" value="release"/>
    <property name="surefire.test.class.path" value="E:\ayoub\univ\FRANCE\M1 IA\S2\GENIE LOGICIEL AVANCE\2 TECHNIQUES DE TEST\50% TP\target\test-classes;E:\ayoub\univ\FRANCE\M1 IA\S2\GENIE LOGICIEL AVANCE\2 TECHNIQUES DE TEST\50% TP\target\classes;C:\Users\Administrator\.m2\repository\org\apache\commons\commons-collections4\4.3\commons-collections4-4.3.jar;C:\Users\Administrator\.m2\repository\junit\junit\4.13.2\junit-4.13.2.jar;C:\Users\Administrator\.m2\repository\org\hamcrest\hamcrest-core\1.3\hamcrest-core-1.3.jar;C:\Users\Administrator\.m2\repository\org\mockito\mockito-core\3.12.4\mockito-core-3.12.4.jar;C:\Users\Administrator\.m2\repository\net\bytebuddy\byte-buddy\1.11.13\byte-buddy-1.11.13.jar;C:\Users\Administrator\.m2\repository\net\bytebuddy\byte-buddy-agent\1.11.13\byte-buddy-agent-1.11.13.jar;C:\Users\Administrator\.m2\repository\org\objenesis\objenesis\3.2\objenesis-3.2.jar;"/>
    <property name="sun.cpu.endian" value="little"/>
    <property name="user.home" value="C:\Users\Administrator"/>
    <property name="user.language" value="fr"/>
    <property name="java.specification.vendor" value="Oracle Corporation"/>
    <property name="java.version.date" value="2022-08-18"/>
    <property name="java.home" value="C:\Program Files\Java\jdk-18.0.2.1"/>
    <property name="file.separator" value="\"/>
    <property name="basedir" value="E:\ayoub\univ\FRANCE\M1 IA\S2\GENIE LOGICIEL AVANCE\2 TECHNIQUES DE TEST\50% TP"/>
    <property name="java.vm.compressedOopsMode" value="Zero based"/>
    <property name="line.separator" value="&#10;"/>
    <property name="java.vm.specification.vendor" value="Oracle Corporation"/>
    <property name="java.specification.name" value="Java Platform API Specification"/>
    <property name="surefire.real.class.path" value="C:\Users\Administrator\AppData\Local\Temp\surefire10321250152566584623\surefirebooter-20240409052018745_3.jar"/>
    <property name="user.script" value=""/>
    <property name="sun.management.compiler" value="HotSpot 64-Bit Tiered Compilers"/>
    <property name="java.runtime.version" value="18.0.2.1+1-1"/>
    <property name="user.name" value="Administrator"/>
    <property name="path.separator" value=";"/>
    <property name="os.version" value="10.0"/>
    <property name="java.runtime.name" value="Java(TM) SE Runtime Environment"/>
    <property name="file.encoding" value="UTF-8"/>
    <property name="java.vm.name" value="Java HotSpot(TM) 64-Bit Server VM"/>
    <property name="localRepository" value="C:\Users\Administrator\.m2\repository"/>
    <property name="java.vendor.url.bug" value="https://bugreport.java.com/bugreport/"/>
    <property name="java.io.tmpdir" value="C:\Users\ADMINI~1\AppData\Local\Temp\"/>
    <property name="java.version" value="18.0.2.1"/>
    <property name="user.dir" value="E:\ayoub\univ\FRANCE\M1 IA\S2\GENIE LOGICIEL AVANCE\2 TECHNIQUES DE TEST\50% TP"/>
    <property name="os.arch" value="amd64"/>
    <property name="java.vm.specification.name" value="Java Virtual Machine Specification"/>
    <property name="sun.os.patch.level" value=""/>
    <property name="native.encoding" value="Cp1252"/>
    <property name="java.library.path" value="C:\Program Files\Java\jdk-18.0.2.1\bin;C:\Windows\Sun\Java\bin;C:\Windows\system32;C:\Windows;C:\Program Files\Common Files\Oracle\Java\javapath;C:\Program Files\OpenLogic\jre-11.0.22.7-hotspot\bin;C:\Windows\system32;C:\Windows;C:\Windows\System32\Wbem;C:\Windows\System32\WindowsPowerShell\v1.0\;C:\Windows\System32\OpenSSH\;C:\Program Files\Git\cmd;C:\Program Files (x86)\NVIDIA Corporation\PhysX\Common;C:\Program Files\NVIDIA Corporation\NVIDIA NvDLISR;C:\Program Files\Java\jdk-18.0.2.1\bin;C:\Apache\maven\bin;C:\Users\Administrator\AppData\Local\Programs\Python\Python39\Scripts\;C:\Users\Administrator\AppData\Local\Programs\Python\Python39\;C:\Users\Administrator\AppData\Local\Microsoft\WindowsApps;C:\Program Files\JetBrains\IntelliJ IDEA Community Edition 2023.1.1\bin;;C:\Program Files\JetBrains\PyCharm Community Edition 2021.1.3\bin;;C:\Users\Administrator\AppData\Local\Programs\Microsoft VS Code\bin;C:\Program Files\Java\jdk-18.0.2.1\bin;C:\Apache\maven\bin;;."/>
    <property name="java.vm.info" value="mixed mode, sharing"/>
    <property name="java.vendor" value="Oracle Corporation"/>
    <property name="java.vm.version" value="18.0.2.1+1-1"/>
    <property name="sun.io.unicode.encoding" value="UnicodeLittle"/>
    <property name="java.class.version" value="62.0"/>
  </properties>
  <testcase name="testGetPokemonsWithComparatorIndex" classname="fr.univavignon.pokedex.api.IPokedexTest" time="0.0"/>
  <testcase name="testSize" classname="fr.univavignon.pokedex.api.IPokedexTest" time="0.0"/>
  <testcase name="testGetPokemonCandy" classname="fr.univavignon.pokedex.api.IPokedexTest" time="0.0"/>
  <testcase name="testGetPokemonDust" classname="fr.univavignon.pokedex.api.IPokedexTest" time="0.0"/>
  <testcase name="testGetPokemonHP" classname="fr.univavignon.pokedex.api.IPokedexTest" time="0.0"/>
  <testcase name="testGetPokemonIv" classname="fr.univavignon.pokedex.api.IPokedexTest" time="0.0"/>
  <testcase name="testGetPokemon" classname="fr.univavignon.pokedex.api.IPokedexTest" time="0.0"/>
  <testcase name="testGetPokemonsWithOrder" classname="fr.univavignon.pokedex.api.IPokedexTest" time="0.0"/>
  <testcase name="testGetPokemonWithInvalidIndex" classname="fr.univavignon.pokedex.api.IPokedexTest" time="0.0"/>
  <testcase name="testAddPokemon" classname="fr.univavignon.pokedex.api.IPokedexTest" time="0.0"/>
  <testcase name="testGetPokemonMetadataForNonExistentPokemon" classname="fr.univavignon.pokedex.api.IPokedexTest" time="0.001"/>
  <testcase name="testGetPokemonsWithComparatorCP" classname="fr.univavignon.pokedex.api.IPokedexTest" time="0.002"/>
  <testcase name="testGetPokemonsReturnsAll" classname="fr.univavignon.pokedex.api.IPokedexTest" time="0.0"/>
</testsuite>